.title balanceDueList
.category Circulation
.column mbrid hidden
.column barcode_nmbr sort=barcode_nmbr title="Barcode"
.column name sort=name func=member_link title="Member Name"
.column balance sort=balance title="Balance Due"
.parameters
.	string minimum title="Minimum balance"
.	order_by
.		item barcode_nmbr title="Barcode"
.		item name expr="concat(m.last_name, ', ', m.first_name)" title="Member Name"
.		item balance type=numeric title="Balance Due"
.	end order_by
.end parameters
.sql
	select m.mbrid, m.barcode_nmbr,
		concat(m.last_name, ', ', m.first_name) name,
		sum(acct.amount) balance
	from member m, member_account acct
	where m.mbrid=acct.mbrid
	group by m.mbrid, m.barcode_nmbr, m.last_name, m.first_name
.	if_set minimum
		having balance >= %#minimum%
.	end if_set
.	order_by_expr
.end sql
