.title popularBiblios
.category Circulation
.column bibid hidden
.column barcode_nmbr sort=barcode_nmbr title="Barcode"
.column title sort=title func=biblio_link title="Title"
.column author sort=author title="Author"
.column checkoutCount sort=checkoutCount title="checkoutCount"
.parameters
.	order_by
.		item barcode_nmbr title="Barcode"
.		item title title="Title"
.		item author title="Author"
.		item checkoutCount type=numeric title="checkoutCount"
.	end order_by
.end parameters
.sql
	select b.bibid, c.barcode_nmbr, b.title, b.author,
		count(h.status_begin_dt) checkoutCount
	from biblio_status_hist h, biblio_copy c, biblio b
	where  h.bibid = c.bibid
		and h.copyid = c.copyid
		and h.bibid = b.bibid
		and h.status_cd = 'out'
	group by c.barcode_nmbr, b.title, b.author
.	order_by_expr
.end sql
